[    10.169] (WW) Failed to open protocol names file lib/xorg/protocol.txt
[    10.169] 
X.Org X Server 1.20.1
X Protocol Version 11, Revision 0
[    10.169] Build Operating System: Linux Arch Linux
[    10.169] Current Operating System: Linux archlinux 4.18.14-arch1-1-ARCH #1 SMP PREEMPT Sat Oct 13 13:42:37 UTC 2018 x86_64
[    10.170] Kernel command line: initrd=\initramfs-linux.img initrd=\intel-ucode.img root=PARTUUID=ff93b1ae-3401-d24c-81c4-10ee71f53224 rw
[    10.170] Build Date: 09 August 2018  06:37:34PM
[    10.170]  
[    10.170] Current version of pixman: 0.34.0
[    10.170] 	Before reporting problems, check http://wiki.x.org
	to make sure that you have the latest version.
[    10.170] Markers: (--) probed, (**) from config file, (==) default setting,
	(++) from command line, (!!) notice, (II) informational,
	(WW) warning, (EE) error, (NI) not implemented, (??) unknown.
[    10.170] (==) Log file: "/home/hryu/.local/share/xorg/Xorg.0.log", Time: Thu Oct 18 15:07:05 2018
[    10.171] (==) Using system config directory "/usr/share/X11/xorg.conf.d"
[    10.172] (==) No Layout section.  Using the first Screen section.
[    10.172] (==) No screen section available. Using defaults.
[    10.172] (**) |-->Screen "Default Screen Section" (0)
[    10.172] (**) |   |-->Monitor "<default monitor>"
[    10.173] (==) No monitor specified for screen "Default Screen Section".
	Using a default monitor configuration.
[    10.173] (==) Automatically adding devices
[    10.173] (==) Automatically enabling devices
[    10.173] (==) Automatically adding GPU devices
[    10.173] (==) Automatically binding GPU devices
[    10.173] (==) Max clients allowed: 256, resource mask: 0x1fffff
[    10.175] (WW) The directory "/usr/share/fonts/misc" does not exist.
[    10.175] 	Entry deleted from font path.
[    10.179] (WW) The directory "/usr/share/fonts/OTF" does not exist.
[    10.180] 	Entry deleted from font path.
[    10.180] (WW) The directory "/usr/share/fonts/Type1" does not exist.
[    10.180] 	Entry deleted from font path.
[    10.180] (WW) The directory "/usr/share/fonts/100dpi" does not exist.
[    10.180] 	Entry deleted from font path.
[    10.180] (WW) The directory "/usr/share/fonts/75dpi" does not exist.
[    10.180] 	Entry deleted from font path.
[    10.180] (==) FontPath set to:
	/usr/share/fonts/TTF
[    10.180] (==) ModulePath set to "/usr/lib/xorg/modules"
[    10.180] (II) The server relies on udev to provide the list of input devices.
	If no devices become available, reconfigure udev or disable AutoAddDevices.
[    10.180] (II) Module ABI versions:
[    10.180] 	X.Org ANSI C Emulation: 0.4
[    10.180] 	X.Org Video Driver: 24.0
[    10.180] 	X.Org XInput driver : 24.1
[    10.180] 	X.Org Server Extension : 10.0
[    10.181] (++) using VT number 1

[    10.185] (II) systemd-logind: took control of session /org/freedesktop/login1/session/_31
[    10.187] (II) xfree86: Adding drm device (/dev/dri/card0)
[    10.188] (II) systemd-logind: got fd for /dev/dri/card0 226:0 fd 10 paused 0
[    10.193] (--) PCI:*(1@0:0:0) 10de:0fc6:1458:3553 rev 161, Mem @ 0xf6000000/16777216, 0xe0000000/268435456, 0xf0000000/33554432, I/O @ 0x0000e000/128, BIOS @ 0x????????/131072
[    10.193] (WW) Open ACPI failed (/var/run/acpid.socket) (No such file or directory)
[    10.194] (II) LoadModule: "glx"
[    10.195] (II) Loading /usr/lib/xorg/modules/extensions/libglx.so
[    10.207] (II) Module glx: vendor="X.Org Foundation"
[    10.207] 	compiled for 1.20.1, module version = 1.0.0
[    10.207] 	ABI class: X.Org Server Extension, version 10.0
[    10.207] (==) Matched nouveau as autoconfigured driver 0
[    10.207] (==) Matched nv as autoconfigured driver 1
[    10.207] (==) Matched modesetting as autoconfigured driver 2
[    10.207] (==) Matched fbdev as autoconfigured driver 3
[    10.207] (==) Matched vesa as autoconfigured driver 4
[    10.207] (==) Assigned the driver to the xf86ConfigLayout
[    10.207] (II) LoadModule: "nouveau"
[    10.208] (WW) Warning, couldn't open module nouveau
[    10.208] (EE) Failed to load module "nouveau" (module does not exist, 0)
[    10.208] (II) LoadModule: "nv"
[    10.208] (WW) Warning, couldn't open module nv
[    10.208] (EE) Failed to load module "nv" (module does not exist, 0)
[    10.208] (II) LoadModule: "modesetting"
[    10.208] (II) Loading /usr/lib/xorg/modules/drivers/modesetting_drv.so
[    10.212] (II) Module modesetting: vendor="X.Org Foundation"
[    10.212] 	compiled for 1.20.1, module version = 1.20.1
[    10.212] 	Module class: X.Org Video Driver
[    10.212] 	ABI class: X.Org Video Driver, version 24.0
[    10.212] (II) LoadModule: "fbdev"
[    10.213] (WW) Warning, couldn't open module fbdev
[    10.213] (EE) Failed to load module "fbdev" (module does not exist, 0)
[    10.213] (II) LoadModule: "vesa"
[    10.213] (WW) Warning, couldn't open module vesa
[    10.213] (EE) Failed to load module "vesa" (module does not exist, 0)
[    10.213] (II) modesetting: Driver for Modesetting Kernel Drivers: kms
[    10.213] (II) modeset(0): using drv /dev/dri/card0
[    10.213] (WW) VGA arbiter: cannot open kernel arbiter, no multi-card support
[    10.213] (II) modeset(0): Creating default Display subsection in Screen section
	"Default Screen Section" for depth/fbbpp 24/32
[    10.213] (==) modeset(0): Depth 24, (==) framebuffer bpp 32
[    10.213] (==) modeset(0): RGB weight 888
[    10.213] (==) modeset(0): Default visual is TrueColor
[    10.213] (II) Loading sub module "glamoregl"
[    10.214] (II) LoadModule: "glamoregl"
[    10.214] (II) Loading /usr/lib/xorg/modules/libglamoregl.so
[    10.227] (II) Module glamoregl: vendor="X.Org Foundation"
[    10.227] 	compiled for 1.20.1, module version = 1.0.1
[    10.227] 	ABI class: X.Org ANSI C Emulation, version 0.4
[    10.516] (II) modeset(0): glamor X acceleration enabled on NVE7
[    10.516] (II) modeset(0): glamor initialized
[    10.527] (II) modeset(0): Output VGA-1 has no monitor section
[    10.529] (II) modeset(0): Output DVI-D-1 has no monitor section
[    10.530] (II) modeset(0): Output DVI-D-2 has no monitor section
[    10.610] (II) modeset(0): Output HDMI-1 has no monitor section
[    10.621] (II) modeset(0): EDID for output VGA-1
[    10.622] (II) modeset(0): EDID for output DVI-D-1
[    10.624] (II) modeset(0): EDID for output DVI-D-2
[    10.703] (II) modeset(0): EDID for output HDMI-1
[    10.703] (II) modeset(0): Manufacturer: GSM  Model: 5ab8  Serial#: 16843009
[    10.703] (II) modeset(0): Year: 2014  Week: 1
[    10.703] (II) modeset(0): EDID Version: 1.3
[    10.703] (II) modeset(0): Digital Display Input
[    10.703] (II) modeset(0): Max Image Size [cm]: horiz.: 48  vert.: 27
[    10.703] (II) modeset(0): Gamma: 2.20
[    10.703] (II) modeset(0): DPMS capabilities: StandBy Suspend Off
[    10.703] (II) modeset(0): Supported color encodings: RGB 4:4:4 YCrCb 4:4:4 
[    10.703] (II) modeset(0): First detailed timing is preferred mode
[    10.703] (II) modeset(0): redX: 0.645 redY: 0.335   greenX: 0.305 greenY: 0.630
[    10.703] (II) modeset(0): blueX: 0.148 blueY: 0.050   whiteX: 0.313 whiteY: 0.329
[    10.703] (II) modeset(0): Supported established timings:
[    10.703] (II) modeset(0): 720x400@70Hz
[    10.703] (II) modeset(0): 640x480@60Hz
[    10.703] (II) modeset(0): 640x480@75Hz
[    10.703] (II) modeset(0): 800x600@60Hz
[    10.703] (II) modeset(0): 800x600@75Hz
[    10.703] (II) modeset(0): 1024x768@60Hz
[    10.703] (II) modeset(0): 1024x768@75Hz
[    10.703] (II) modeset(0): 1280x1024@75Hz
[    10.703] (II) modeset(0): Manufacturer's mask: 0
[    10.703] (II) modeset(0): Supported standard timings:
[    10.703] (II) modeset(0): #0: hsize: 1152  vsize 864  refresh: 75  vid: 20337
[    10.703] (II) modeset(0): #1: hsize: 1280  vsize 1024  refresh: 60  vid: 32897
[    10.703] (II) modeset(0): #2: hsize: 1440  vsize 900  refresh: 60  vid: 149
[    10.703] (II) modeset(0): #3: hsize: 1680  vsize 1050  refresh: 60  vid: 179
[    10.703] (II) modeset(0): #4: hsize: 1600  vsize 900  refresh: 60  vid: 49321
[    10.703] (II) modeset(0): #5: hsize: 1280  vsize 800  refresh: 60  vid: 129
[    10.703] (II) modeset(0): #6: hsize: 1280  vsize 720  refresh: 60  vid: 49281
[    10.703] (II) modeset(0): #7: hsize: 1400  vsize 1050  refresh: 60  vid: 16528
[    10.703] (II) modeset(0): Supported detailed timing:
[    10.703] (II) modeset(0): clock: 148.5 MHz   Image Size:  480 x 270 mm
[    10.703] (II) modeset(0): h_active: 1920  h_sync: 2008  h_sync_end 2052 h_blank_end 2200 h_border: 0
[    10.703] (II) modeset(0): v_active: 1080  v_sync: 1084  v_sync_end 1089 v_blanking: 1125 v_border: 0
[    10.703] (II) modeset(0): Ranges: V min: 56 V max: 75 Hz, H min: 30 H max: 83 kHz, PixClock max 155 MHz
[    10.703] (II) modeset(0): Monitor name: LG IPS FULLHD
[    10.703] (II) modeset(0): Serial No: 
[    10.703] (II) modeset(0): Supported detailed timing:
[    10.703] (II) modeset(0): clock: 148.5 MHz   Image Size:  480 x 270 mm
[    10.703] (II) modeset(0): h_active: 1920  h_sync: 2008  h_sync_end 2052 h_blank_end 2200 h_border: 0
[    10.703] (II) modeset(0): v_active: 1080  v_sync: 1084  v_sync_end 1089 v_blanking: 1125 v_border: 0
[    10.703] (II) modeset(0): Supported detailed timing:
[    10.703] (II) modeset(0): clock: 74.2 MHz   Image Size:  480 x 270 mm
[    10.703] (II) modeset(0): h_active: 1920  h_sync: 2008  h_sync_end 2052 h_blank_end 2200 h_border: 0
[    10.703] (II) modeset(0): v_active: 540  v_sync: 542  v_sync_end 547 v_blanking: 562 v_border: 0
[    10.703] (II) modeset(0): Supported detailed timing:
[    10.703] (II) modeset(0): clock: 74.2 MHz   Image Size:  480 x 270 mm
[    10.703] (II) modeset(0): h_active: 1280  h_sync: 1390  h_sync_end 1430 h_blank_end 1650 h_border: 0
[    10.703] (II) modeset(0): v_active: 720  v_sync: 725  v_sync_end 730 v_blanking: 750 v_border: 0
[    10.703] (II) modeset(0): Supported detailed timing:
[    10.703] (II) modeset(0): clock: 27.0 MHz   Image Size:  480 x 270 mm
[    10.703] (II) modeset(0): h_active: 720  h_sync: 736  h_sync_end 798 h_blank_end 858 h_border: 0
[    10.703] (II) modeset(0): v_active: 480  v_sync: 489  v_sync_end 495 v_blanking: 525 v_border: 0
[    10.703] (II) modeset(0): Number of EDID sections to follow: 1
[    10.703] (II) modeset(0): EDID (in hex):
[    10.703] (II) modeset(0): 	00ffffffffffff001e6db85a01010101
[    10.703] (II) modeset(0): 	0118010380301b78ea3135a5554ea126
[    10.703] (II) modeset(0): 	0c5054a54b00714f81809500b300a9c0
[    10.703] (II) modeset(0): 	810081c09040023a801871382d40582c
[    10.703] (II) modeset(0): 	4500e00e1100001e000000fd00384b1e
[    10.703] (II) modeset(0): 	530f000a202020202020000000fc004c
[    10.703] (II) modeset(0): 	47204950532046554c4c4844000000ff
[    10.703] (II) modeset(0): 	000a2020202020202020202020200164
[    10.703] (II) modeset(0): 	020315b14a900403011412051f101365
[    10.703] (II) modeset(0): 	030c001000023a801871382d40582c45
[    10.703] (II) modeset(0): 	00e00e1100001e011d8018711c162058
[    10.703] (II) modeset(0): 	2c2500e00e1100009e011d007251d01e
[    10.703] (II) modeset(0): 	206e285500e00e1100001e8c0ad08a20
[    10.703] (II) modeset(0): 	e02d10103e9600e00e11000018000000
[    10.703] (II) modeset(0): 	00000000000000000000000000000000
[    10.703] (II) modeset(0): 	000000000000000000000000000000b4
[    10.704] (II) modeset(0): Not using default mode "1024x768" (bad mode clock/interlace/doublescan)
[    10.704] (II) modeset(0): Not using default mode "1920x1080" (bad mode clock/interlace/doublescan)
[    10.704] (II) modeset(0): Not using default mode "1440x810" (bad mode clock/interlace/doublescan)
[    10.704] (II) modeset(0): Not using default mode "1600x900" (bad mode clock/interlace/doublescan)
[    10.704] (II) modeset(0): Not using default mode "1600x900" (bad mode clock/interlace/doublescan)
[    10.704] (II) modeset(0): Not using default mode "1920x1080" (bad mode clock/interlace/doublescan)
[    10.704] (II) modeset(0): Not using default mode "1280x800" (bad mode clock/interlace/doublescan)
[    10.704] (II) modeset(0): Printing probed modes for output HDMI-1
[    10.704] (II) modeset(0): Modeline "1920x1080"x60.0  148.50  1920 2008 2052 2200  1080 1084 1089 1125 +hsync +vsync (67.5 kHz eP)
[    10.704] (II) modeset(0): Modeline "1920x1080"x50.0  148.50  1920 2448 2492 2640  1080 1084 1089 1125 +hsync +vsync (56.2 kHz e)
[    10.704] (II) modeset(0): Modeline "1920x1080"x59.9  148.35  1920 2008 2052 2200  1080 1084 1089 1125 +hsync +vsync (67.4 kHz e)
[    10.704] (II) modeset(0): Modeline "1920x1080"x59.9  138.50  1920 1968 2000 2080  1080 1083 1088 1111 +hsync -vsync (66.6 kHz d)
[    10.704] (II) modeset(0): Modeline "1920x1080i"x60.0   74.25  1920 2008 2052 2200  1080 1084 1094 1125 interlace +hsync +vsync (33.8 kHz e)
[    10.704] (II) modeset(0): Modeline "1920x1080i"x50.0   74.25  1920 2448 2492 2640  1080 1084 1094 1125 interlace +hsync +vsync (28.1 kHz e)
[    10.704] (II) modeset(0): Modeline "1920x1080i"x59.9   74.18  1920 2008 2052 2200  1080 1084 1094 1125 interlace +hsync +vsync (33.7 kHz e)
[    10.704] (II) modeset(0): Modeline "1680x1050"x60.0  146.25  1680 1784 1960 2240  1050 1053 1059 1089 -hsync +vsync (65.3 kHz d)
[    10.704] (II) modeset(0): Modeline "1680x1050"x59.9  119.00  1680 1728 1760 1840  1050 1053 1059 1080 +hsync -vsync (64.7 kHz e)
[    10.704] (II) modeset(0): Modeline "1400x1050"x74.8  155.80  1400 1464 1784 1912  1050 1052 1064 1090 +hsync +vsync (81.5 kHz d)
[    10.704] (II) modeset(0): Modeline "1400x1050"x60.0  122.00  1400 1488 1640 1880  1050 1052 1064 1082 +hsync +vsync (64.9 kHz d)
[    10.704] (II) modeset(0): Modeline "1400x1050"x59.9  101.00  1400 1448 1480 1560  1050 1053 1057 1080 +hsync -vsync (64.7 kHz e)
[    10.704] (II) modeset(0): Modeline "1600x900"x59.9  118.25  1600 1696 1856 2112  900 903 908 934 -hsync +vsync (56.0 kHz d)
[    10.704] (II) modeset(0): Modeline "1600x900"x60.0  108.00  1600 1624 1704 1800  900 901 904 1000 +hsync +vsync (60.0 kHz e)
[    10.704] (II) modeset(0): Modeline "1600x900"x59.8   97.50  1600 1648 1680 1760  900 903 908 926 +hsync -vsync (55.4 kHz d)
[    10.704] (II) modeset(0): Modeline "1280x1024"x75.0  135.00  1280 1296 1440 1688  1024 1025 1028 1066 +hsync +vsync (80.0 kHz e)
[    10.704] (II) modeset(0): Modeline "1280x1024"x60.0  108.00  1280 1328 1440 1688  1024 1025 1028 1066 +hsync +vsync (64.0 kHz e)
[    10.704] (II) modeset(0): Modeline "1440x900"x59.9   88.75  1440 1488 1520 1600  900 903 909 926 +hsync -vsync (55.5 kHz e)
[    10.704] (II) modeset(0): Modeline "1400x900"x60.0  103.50  1400 1480 1624 1848  900 903 913 934 -hsync +vsync (56.0 kHz d)
[    10.704] (II) modeset(0): Modeline "1400x900"x59.9   86.50  1400 1448 1480 1560  900 903 913 926 +hsync -vsync (55.4 kHz d)
[    10.704] (II) modeset(0): Modeline "1280x960"x60.0  108.00  1280 1376 1488 1800  960 961 964 1000 +hsync +vsync (60.0 kHz d)
[    10.704] (II) modeset(0): Modeline "1440x810"x60.0  151.88  1440 1464 1480 1520  810 811 814 833 doublescan +hsync -vsync (99.9 kHz d)
[    10.704] (II) modeset(0): Modeline "1368x768"x59.9   85.25  1368 1440 1576 1784  768 771 781 798 -hsync +vsync (47.8 kHz d)
[    10.704] (II) modeset(0): Modeline "1368x768"x59.9   72.25  1368 1416 1448 1528  768 771 781 790 +hsync -vsync (47.3 kHz d)
[    10.704] (II) modeset(0): Modeline "1280x800"x60.0  134.25  1280 1304 1320 1360  800 801 804 823 doublescan +hsync -vsync (98.7 kHz d)
[    10.704] (II) modeset(0): Modeline "1280x800"x59.8   83.50  1280 1352 1480 1680  800 803 809 831 -hsync +vsync (49.7 kHz d)
[    10.704] (II) modeset(0): Modeline "1280x800"x59.9   71.00  1280 1328 1360 1440  800 803 809 823 +hsync -vsync (49.3 kHz e)
[    10.704] (II) modeset(0): Modeline "1152x864"x75.0  108.00  1152 1216 1344 1600  864 865 868 900 +hsync +vsync (67.5 kHz e)
[    10.704] (II) modeset(0): Modeline "1280x720"x60.0  156.12  1280 1376 1512 1744  720 721 724 746 doublescan -hsync +vsync (89.5 kHz d)
[    10.704] (II) modeset(0): Modeline "1280x720"x60.0  120.75  1280 1304 1320 1360  720 721 724 740 doublescan +hsync -vsync (88.8 kHz d)
[    10.704] (II) modeset(0): Modeline "1280x720"x59.9   74.50  1280 1344 1472 1664  720 723 728 748 -hsync +vsync (44.8 kHz d)
[    10.704] (II) modeset(0): Modeline "1280x720"x60.0   74.25  1280 1390 1430 1650  720 725 730 750 +hsync +vsync (45.0 kHz e)
[    10.704] (II) modeset(0): Modeline "1280x720"x50.0   74.25  1280 1720 1760 1980  720 725 730 750 +hsync +vsync (37.5 kHz e)
[    10.704] (II) modeset(0): Modeline "1280x720"x59.9   74.18  1280 1390 1430 1650  720 725 730 750 +hsync +vsync (45.0 kHz e)
[    10.704] (II) modeset(0): Modeline "1280x720"x59.7   63.75  1280 1328 1360 1440  720 723 728 741 +hsync -vsync (44.3 kHz d)
[    10.704] (II) modeset(0): Modeline "1024x768"x60.0  133.47  1024 1100 1212 1400  768 768 770 794 doublescan -hsync +vsync (95.3 kHz d)
[    10.704] (II) modeset(0): Modeline "1024x768"x75.0   78.75  1024 1040 1136 1312  768 769 772 800 +hsync +vsync (60.0 kHz e)
[    10.704] (II) modeset(0): Modeline "1024x768"x70.1   75.00  1024 1048 1184 1328  768 771 777 806 -hsync -vsync (56.5 kHz d)
[    10.704] (II) modeset(0): Modeline "1024x768"x60.0   65.00  1024 1048 1184 1344  768 771 777 806 -hsync -vsync (48.4 kHz e)
[    10.704] (II) modeset(0): Modeline "960x720"x75.0  148.50  960 1032 1144 1320  720 720 722 750 doublescan -hsync +vsync (112.5 kHz d)
[    10.704] (II) modeset(0): Modeline "960x720"x60.0  117.00  960 1024 1128 1300  720 720 722 750 doublescan -hsync +vsync (90.0 kHz d)
[    10.704] (II) modeset(0): Modeline "928x696"x75.0  144.00  928 992 1104 1280  696 696 698 750 doublescan -hsync +vsync (112.5 kHz d)
[    10.704] (II) modeset(0): Modeline "928x696"x60.1  109.15  928 976 1088 1264  696 696 698 719 doublescan -hsync +vsync (86.4 kHz d)
[    10.704] (II) modeset(0): Modeline "896x672"x75.0  130.50  896 944 1052 1228  672 672 674 708 doublescan -hsync +vsync (106.3 kHz d)
[    10.704] (II) modeset(0): Modeline "896x672"x60.0  102.40  896 960 1060 1224  672 672 674 697 doublescan -hsync +vsync (83.7 kHz d)
[    10.704] (II) modeset(0): Modeline "1024x576"x60.0   98.50  1024 1092 1200 1376  576 577 580 597 doublescan -hsync +vsync (71.6 kHz d)
[    10.704] (II) modeset(0): Modeline "1024x576"x60.0   78.38  1024 1048 1064 1104  576 577 580 592 doublescan +hsync -vsync (71.0 kHz d)
[    10.704] (II) modeset(0): Modeline "1024x576"x59.9   46.50  1024 1064 1160 1296  576 579 584 599 -hsync +vsync (35.9 kHz d)
[    10.704] (II) modeset(0): Modeline "1024x576"x59.8   42.00  1024 1072 1104 1184  576 579 584 593 +hsync -vsync (35.5 kHz d)
[    10.704] (II) modeset(0): Modeline "960x600"x59.9   96.62  960 1028 1128 1296  600 601 604 622 doublescan -hsync +vsync (74.6 kHz d)
[    10.704] (II) modeset(0): Modeline "960x600"x60.0   77.00  960 984 1000 1040  600 601 604 617 doublescan +hsync -vsync (74.0 kHz d)
[    10.704] (II) modeset(0): Modeline "832x624"x74.6   57.28  832 864 928 1152  624 625 628 667 -hsync -vsync (49.7 kHz d)
[    10.704] (II) modeset(0): Modeline "960x540"x60.0   86.50  960 1024 1124 1288  540 541 544 560 doublescan -hsync +vsync (67.2 kHz d)
[    10.704] (II) modeset(0): Modeline "960x540"x60.0   69.25  960 984 1000 1040  540 541 544 555 doublescan +hsync -vsync (66.6 kHz d)
[    10.704] (II) modeset(0): Modeline "960x540"x59.6   40.75  960 992 1088 1216  540 543 548 562 -hsync +vsync (33.5 kHz d)
[    10.704] (II) modeset(0): Modeline "960x540"x59.8   37.25  960 1008 1040 1120  540 543 548 556 +hsync -vsync (33.3 kHz d)
[    10.704] (II) modeset(0): Modeline "800x600"x75.0  101.25  800 832 928 1080  600 600 602 625 doublescan +hsync +vsync (93.8 kHz d)
[    10.704] (II) modeset(0): Modeline "800x600"x70.0   94.50  800 832 928 1080  600 600 602 625 doublescan +hsync +vsync (87.5 kHz d)
[    10.704] (II) modeset(0): Modeline "800x600"x65.0   87.75  800 832 928 1080  600 600 602 625 doublescan +hsync +vsync (81.2 kHz d)
[    10.704] (II) modeset(0): Modeline "800x600"x60.0   81.00  800 832 928 1080  600 600 602 625 doublescan +hsync +vsync (75.0 kHz d)
[    10.704] (II) modeset(0): Modeline "800x600"x72.2   50.00  800 856 976 1040  600 637 643 666 +hsync +vsync (48.1 kHz d)
[    10.704] (II) modeset(0): Modeline "800x600"x75.0   49.50  800 816 896 1056  600 601 604 625 +hsync +vsync (46.9 kHz e)
[    10.704] (II) modeset(0): Modeline "800x600"x60.3   40.00  800 840 968 1056  600 601 605 628 +hsync +vsync (37.9 kHz e)
[    10.704] (II) modeset(0): Modeline "800x600"x56.2   36.00  800 824 896 1024  600 601 603 625 +hsync +vsync (35.2 kHz d)
[    10.704] (II) modeset(0): Modeline "840x525"x60.0   73.12  840 892 980 1120  525 526 529 544 doublescan -hsync +vsync (65.3 kHz d)
[    10.704] (II) modeset(0): Modeline "840x525"x59.9   59.50  840 864 880 920  525 526 529 540 doublescan +hsync -vsync (64.7 kHz d)
[    10.704] (II) modeset(0): Modeline "864x486"x59.9   32.50  864 888 968 1072  486 489 494 506 -hsync +vsync (30.3 kHz d)
[    10.704] (II) modeset(0): Modeline "864x486"x59.6   30.50  864 912 944 1024  486 489 494 500 +hsync -vsync (29.8 kHz d)
[    10.704] (II) modeset(0): Modeline "720x576"x50.0   27.00  720 732 796 864  576 581 586 625 -hsync -vsync (31.2 kHz e)
[    10.704] (II) modeset(0): Modeline "700x525"x74.8   77.90  700 732 892 956  525 526 532 545 doublescan +hsync +vsync (81.5 kHz d)
[    10.704] (II) modeset(0): Modeline "700x525"x60.0   61.00  700 744 820 940  525 526 532 541 doublescan +hsync +vsync (64.9 kHz d)
[    10.704] (II) modeset(0): Modeline "800x450"x59.9   59.12  800 848 928 1056  450 451 454 467 doublescan -hsync +vsync (56.0 kHz d)
[    10.704] (II) modeset(0): Modeline "800x450"x59.8   48.75  800 824 840 880  450 451 454 463 doublescan +hsync -vsync (55.4 kHz d)
[    10.704] (II) modeset(0): Modeline "720x480"x60.0   27.03  720 736 798 858  480 489 495 525 -hsync -vsync (31.5 kHz e)
[    10.704] (II) modeset(0): Modeline "720x480"x59.9   27.00  720 736 798 858  480 489 495 525 -hsync -vsync (31.5 kHz e)
[    10.704] (II) modeset(0): Modeline "640x512"x75.0   67.50  640 648 720 844  512 512 514 533 doublescan +hsync +vsync (80.0 kHz d)
[    10.704] (II) modeset(0): Modeline "640x512"x60.0   54.00  640 664 720 844  512 512 514 533 doublescan +hsync +vsync (64.0 kHz d)
[    10.704] (II) modeset(0): Modeline "700x450"x60.0   51.75  700 740 812 924  450 451 456 467 doublescan -hsync +vsync (56.0 kHz d)
[    10.704] (II) modeset(0): Modeline "700x450"x59.9   43.25  700 724 740 780  450 451 456 463 doublescan +hsync -vsync (55.4 kHz d)
[    10.704] (II) modeset(0): Modeline "640x480"x60.0   54.00  640 688 744 900  480 480 482 500 doublescan +hsync +vsync (60.0 kHz d)
[    10.704] (II) modeset(0): Modeline "640x480"x75.0   31.50  640 656 720 840  480 481 484 500 -hsync -vsync (37.5 kHz e)
[    10.704] (II) modeset(0): Modeline "640x480"x72.8   31.50  640 664 704 832  480 489 492 520 -hsync -vsync (37.9 kHz d)
[    10.704] (II) modeset(0): Modeline "640x480"x75.0   31.50  640 656 720 840  480 481 484 500 -hsync -vsync (37.5 kHz d)
[    10.704] (II) modeset(0): Modeline "640x480"x60.0   25.20  640 656 752 800  480 490 492 525 -hsync -vsync (31.5 kHz e)
[    10.704] (II) modeset(0): Modeline "640x480"x59.9   25.18  640 656 752 800  480 490 492 525 -hsync -vsync (31.5 kHz e)
[    10.704] (II) modeset(0): Modeline "720x405"x59.5   22.50  720 744 808 896  405 408 413 422 -hsync +vsync (25.1 kHz d)
[    10.704] (II) modeset(0): Modeline "720x405"x59.0   21.75  720 768 800 880  405 408 413 419 +hsync -vsync (24.7 kHz d)
[    10.704] (II) modeset(0): Modeline "720x400"x70.1   28.32  720 738 846 900  400 412 414 449 -hsync +vsync (31.5 kHz e)
[    10.704] (II) modeset(0): Modeline "684x384"x59.9   42.62  684 720 788 892  384 385 390 399 doublescan -hsync +vsync (47.8 kHz d)
[    10.704] (II) modeset(0): Modeline "684x384"x59.9   36.12  684 708 724 764  384 385 390 395 doublescan +hsync -vsync (47.3 kHz d)
[    10.704] (II) modeset(0): Modeline "640x400"x59.9   41.75  640 676 740 840  400 401 404 415 doublescan -hsync +vsync (49.7 kHz d)
[    10.704] (II) modeset(0): Modeline "640x400"x60.0   35.50  640 664 680 720  400 401 404 411 doublescan +hsync -vsync (49.3 kHz d)
[    10.704] (II) modeset(0): Modeline "576x432"x75.0   54.00  576 608 672 800  432 432 434 450 doublescan +hsync +vsync (67.5 kHz d)
[    10.704] (II) modeset(0): Modeline "640x360"x59.9   37.25  640 672 736 832  360 361 364 374 doublescan -hsync +vsync (44.8 kHz d)
[    10.704] (II) modeset(0): Modeline "640x360"x59.8   31.88  640 664 680 720  360 361 364 370 doublescan +hsync -vsync (44.3 kHz d)
[    10.704] (II) modeset(0): Modeline "640x360"x59.8   18.00  640 664 720 800  360 363 368 376 -hsync +vsync (22.5 kHz d)
[    10.704] (II) modeset(0): Modeline "640x360"x59.3   17.75  640 688 720 800  360 363 368 374 +hsync -vsync (22.2 kHz d)
[    10.704] (II) modeset(0): Modeline "512x384"x75.0   39.38  512 520 568 656  384 384 386 400 doublescan +hsync +vsync (60.0 kHz d)
[    10.704] (II) modeset(0): Modeline "512x384"x70.1   37.50  512 524 592 664  384 385 388 403 doublescan -hsync -vsync (56.5 kHz d)
[    10.704] (II) modeset(0): Modeline "512x384"x60.0   32.50  512 524 592 672  384 385 388 403 doublescan -hsync -vsync (48.4 kHz d)
[    10.704] (II) modeset(0): Modeline "512x288"x60.0   23.25  512 532 580 648  288 289 292 299 doublescan -hsync +vsync (35.9 kHz d)
[    10.704] (II) modeset(0): Modeline "512x288"x59.9   21.00  512 536 552 592  288 289 292 296 doublescan +hsync -vsync (35.5 kHz d)
[    10.704] (II) modeset(0): Modeline "416x312"x74.7   28.64  416 432 464 576  312 312 314 333 doublescan -hsync -vsync (49.7 kHz d)
[    10.704] (II) modeset(0): Modeline "480x270"x59.6   20.38  480 496 544 608  270 271 274 281 doublescan -hsync +vsync (33.5 kHz d)
[    10.704] (II) modeset(0): Modeline "480x270"x59.8   18.62  480 504 520 560  270 271 274 278 doublescan +hsync -vsync (33.3 kHz d)
[    10.704] (II) modeset(0): Modeline "400x300"x72.2   25.00  400 428 488 520  300 318 321 333 doublescan +hsync +vsync (48.1 kHz d)
[    10.704] (II) modeset(0): Modeline "400x300"x75.1   24.75  400 408 448 528  300 300 302 312 doublescan +hsync +vsync (46.9 kHz d)
[    10.704] (II) modeset(0): Modeline "400x300"x60.3   20.00  400 420 484 528  300 300 302 314 doublescan +hsync +vsync (37.9 kHz d)
[    10.704] (II) modeset(0): Modeline "400x300"x56.3   18.00  400 412 448 512  300 300 301 312 doublescan +hsync +vsync (35.2 kHz d)
[    10.704] (II) modeset(0): Modeline "432x243"x59.9   16.25  432 444 484 536  243 244 247 253 doublescan -hsync +vsync (30.3 kHz d)
[    10.704] (II) modeset(0): Modeline "432x243"x59.6   15.25  432 456 472 512  243 244 247 250 doublescan +hsync -vsync (29.8 kHz d)
[    10.704] (II) modeset(0): Modeline "320x240"x72.8   15.75  320 332 352 416  240 244 246 260 doublescan -hsync -vsync (37.9 kHz d)
[    10.704] (II) modeset(0): Modeline "320x240"x75.0   15.75  320 328 360 420  240 240 242 250 doublescan -hsync -vsync (37.5 kHz d)
[    10.704] (II) modeset(0): Modeline "320x240"x60.1   12.59  320 328 376 400  240 245 246 262 doublescan -hsync -vsync (31.5 kHz d)
[    10.704] (II) modeset(0): Modeline "360x202"x59.5   11.25  360 372 404 448  202 204 206 211 doublescan -hsync +vsync (25.1 kHz d)
[    10.704] (II) modeset(0): Modeline "360x202"x59.1   10.88  360 384 400 440  202 204 206 209 doublescan +hsync -vsync (24.7 kHz d)
[    10.704] (II) modeset(0): Modeline "320x180"x59.8    9.00  320 332 360 400  180 181 184 188 doublescan -hsync +vsync (22.5 kHz d)
[    10.704] (II) modeset(0): Modeline "320x180"x59.3    8.88  320 344 360 400  180 181 184 187 doublescan +hsync -vsync (22.2 kHz d)
[    10.704] (II) modeset(0): Output VGA-1 disconnected
[    10.704] (II) modeset(0): Output DVI-D-1 disconnected
[    10.704] (II) modeset(0): Output DVI-D-2 disconnected
[    10.704] (II) modeset(0): Output HDMI-1 connected
[    10.704] (II) modeset(0): Using exact sizes for initial modes
[    10.704] (II) modeset(0): Output HDMI-1 using initial mode 1920x1080 +0+0
[    10.704] (==) modeset(0): Using gamma correction (1.0, 1.0, 1.0)
[    10.704] (==) modeset(0): DPI set to (96, 96)
[    10.704] (II) Loading sub module "fb"
[    10.704] (II) LoadModule: "fb"
[    10.704] (II) Loading /usr/lib/xorg/modules/libfb.so
[    10.706] (II) Module fb: vendor="X.Org Foundation"
[    10.706] 	compiled for 1.20.1, module version = 1.0.0
[    10.706] 	ABI class: X.Org ANSI C Emulation, version 0.4
[    10.724] (==) modeset(0): Backing store enabled
[    10.724] (==) modeset(0): Silken mouse disabled
[    10.739] (II) modeset(0): Initializing kms color map for depth 24, 8 bpc.
[    10.739] (==) modeset(0): DPMS enabled
[    10.739] (II) modeset(0): [DRI2] Setup complete
[    10.739] (II) modeset(0): [DRI2]   DRI driver: nouveau
[    10.739] (II) modeset(0): [DRI2]   VDPAU driver: nouveau
[    10.739] (II) Initializing extension Generic Event Extension
[    10.739] (II) Initializing extension SHAPE
[    10.739] (II) Initializing extension MIT-SHM
[    10.739] (II) Initializing extension XInputExtension
[    10.739] (II) Initializing extension XTEST
[    10.739] (II) Initializing extension BIG-REQUESTS
[    10.739] (II) Initializing extension SYNC
[    10.739] (II) Initializing extension XKEYBOARD
[    10.739] (II) Initializing extension XC-MISC
[    10.739] (II) Initializing extension SECURITY
[    10.739] (II) Initializing extension XFIXES
[    10.739] (II) Initializing extension RENDER
[    10.739] (II) Initializing extension RANDR
[    10.739] (II) Initializing extension COMPOSITE
[    10.739] (II) Initializing extension DAMAGE
[    10.739] (II) Initializing extension MIT-SCREEN-SAVER
[    10.739] (II) Initializing extension DOUBLE-BUFFER
[    10.739] (II) Initializing extension RECORD
[    10.739] (II) Initializing extension DPMS
[    10.739] (II) Initializing extension Present
[    10.739] (II) Initializing extension DRI3
[    10.739] (II) Initializing extension X-Resource
[    10.739] (II) Initializing extension XVideo
[    10.739] (II) Initializing extension XVideo-MotionCompensation
[    10.739] (II) Initializing extension GLX
[    10.741] (II) AIGLX: Loaded and initialized nouveau
[    10.741] (II) GLX: Initialized DRI2 GL provider for screen 0
[    10.741] (II) Initializing extension XFree86-VidModeExtension
[    10.741] (II) Initializing extension XFree86-DGA
[    10.741] (II) Initializing extension XFree86-DRI
[    10.741] (II) Initializing extension DRI2
[    10.744] (II) modeset(0): Damage tracking initialized
[    10.744] (II) modeset(0): Setting screen physical size to 508 x 285
[    10.783] (II) config/udev: Adding input device Power Button (/dev/input/event2)
[    10.783] (**) Power Button: Applying InputClass "libinput keyboard catchall"
[    10.783] (II) LoadModule: "libinput"
[    10.783] (II) Loading /usr/lib/xorg/modules/input/libinput_drv.so
[    10.787] (II) Module libinput: vendor="X.Org Foundation"
[    10.787] 	compiled for 1.20.0, module version = 0.28.0
[    10.787] 	Module class: X.Org XInput Driver
[    10.787] 	ABI class: X.Org XInput driver, version 24.1
[    10.787] (II) Using input driver 'libinput' for 'Power Button'
[    10.788] (II) systemd-logind: got fd for /dev/input/event2 13:66 fd 17 paused 0
[    10.788] (**) Power Button: always reports core events
[    10.788] (**) Option "Device" "/dev/input/event2"
[    10.788] (**) Option "_source" "server/udev"
[    10.790] (II) event2  - Power Button: is tagged by udev as: Keyboard
[    10.790] (II) event2  - Power Button: device is a keyboard
[    10.790] (II) event2  - Power Button: device removed
[    10.791] (**) Option "config_info" "udev:/sys/devices/LNXSYSTM:00/LNXPWRBN:00/input/input2/event2"
[    10.791] (II) XINPUT: Adding extended input device "Power Button" (type: KEYBOARD, id 6)
[    10.791] (II) event2  - Power Button: is tagged by udev as: Keyboard
[    10.791] (II) event2  - Power Button: device is a keyboard
[    10.791] (II) config/udev: Adding input device Power Button (/dev/input/event1)
[    10.791] (**) Power Button: Applying InputClass "libinput keyboard catchall"
[    10.791] (II) Using input driver 'libinput' for 'Power Button'
[    10.792] (II) systemd-logind: got fd for /dev/input/event1 13:65 fd 20 paused 0
[    10.792] (**) Power Button: always reports core events
[    10.792] (**) Option "Device" "/dev/input/event1"
[    10.792] (**) Option "_source" "server/udev"
[    10.792] (II) event1  - Power Button: is tagged by udev as: Keyboard
[    10.792] (II) event1  - Power Button: device is a keyboard
[    10.792] (II) event1  - Power Button: device removed
[    10.792] (**) Option "config_info" "udev:/sys/devices/LNXSYSTM:00/LNXSYBUS:00/PNP0C0C:00/input/input1/event1"
[    10.792] (II) XINPUT: Adding extended input device "Power Button" (type: KEYBOARD, id 7)
[    10.793] (II) event1  - Power Button: is tagged by udev as: Keyboard
[    10.793] (II) event1  - Power Button: device is a keyboard
[    10.793] (II) config/udev: Adding input device Sleep Button (/dev/input/event0)
[    10.793] (**) Sleep Button: Applying InputClass "libinput keyboard catchall"
[    10.793] (II) Using input driver 'libinput' for 'Sleep Button'
[    10.794] (II) systemd-logind: got fd for /dev/input/event0 13:64 fd 21 paused 0
[    10.794] (**) Sleep Button: always reports core events
[    10.794] (**) Option "Device" "/dev/input/event0"
[    10.794] (**) Option "_source" "server/udev"
[    10.794] (II) event0  - Sleep Button: is tagged by udev as: Keyboard
[    10.794] (II) event0  - Sleep Button: device is a keyboard
[    10.795] (II) event0  - Sleep Button: device removed
[    10.795] (**) Option "config_info" "udev:/sys/devices/LNXSYSTM:00/LNXSYBUS:00/PNP0C0E:00/input/input0/event0"
[    10.795] (II) XINPUT: Adding extended input device "Sleep Button" (type: KEYBOARD, id 8)
[    10.795] (II) event0  - Sleep Button: is tagged by udev as: Keyboard
[    10.795] (II) event0  - Sleep Button: device is a keyboard
[    10.796] (II) config/udev: Adding input device HDA NVidia HDMI/DP,pcm=3 (/dev/input/event15)
[    10.796] (II) No input driver specified, ignoring this device.
[    10.796] (II) This device may have been added with another device file.
[    10.796] (II) config/udev: Adding input device HDA NVidia HDMI/DP,pcm=7 (/dev/input/event16)
[    10.796] (II) No input driver specified, ignoring this device.
[    10.796] (II) This device may have been added with another device file.
[    10.796] (II) config/udev: Adding input device HDA NVidia HDMI/DP,pcm=8 (/dev/input/event17)
[    10.796] (II) No input driver specified, ignoring this device.
[    10.796] (II) This device may have been added with another device file.
[    10.796] (II) config/udev: Adding input device Logitech USB Optical Mouse (/dev/input/event3)
[    10.796] (**) Logitech USB Optical Mouse: Applying InputClass "libinput pointer catchall"
[    10.796] (II) Using input driver 'libinput' for 'Logitech USB Optical Mouse'
[    10.797] (II) systemd-logind: got fd for /dev/input/event3 13:67 fd 22 paused 0
[    10.797] (**) Logitech USB Optical Mouse: always reports core events
[    10.797] (**) Option "Device" "/dev/input/event3"
[    10.797] (**) Option "_source" "server/udev"
[    10.798] (II) event3  - Logitech USB Optical Mouse: is tagged by udev as: Mouse
[    10.798] (II) event3  - Logitech USB Optical Mouse: device is a pointer
[    10.798] (II) event3  - Logitech USB Optical Mouse: device removed
[    10.798] (**) Option "config_info" "udev:/sys/devices/pci0000:00/0000:00:14.0/usb1/1-5/1-5:1.0/0003:046D:C077.0001/input/input3/event3"
[    10.798] (II) XINPUT: Adding extended input device "Logitech USB Optical Mouse" (type: MOUSE, id 9)
[    10.798] (**) Option "AccelerationScheme" "none"
[    10.798] (**) Logitech USB Optical Mouse: (accel) selected scheme none/0
[    10.798] (**) Logitech USB Optical Mouse: (accel) acceleration factor: 2.000
[    10.798] (**) Logitech USB Optical Mouse: (accel) acceleration threshold: 4
[    10.799] (II) event3  - Logitech USB Optical Mouse: is tagged by udev as: Mouse
[    10.799] (II) event3  - Logitech USB Optical Mouse: device is a pointer
[    10.799] (II) config/udev: Adding input device Logitech USB Optical Mouse (/dev/input/mouse0)
[    10.799] (II) No input driver specified, ignoring this device.
[    10.799] (II) This device may have been added with another device file.
[    10.799] (II) config/udev: Adding input device USB Keyboard (/dev/input/event4)
[    10.799] (**) USB Keyboard: Applying InputClass "libinput keyboard catchall"
[    10.799] (II) Using input driver 'libinput' for 'USB Keyboard'
[    10.800] (II) systemd-logind: got fd for /dev/input/event4 13:68 fd 23 paused 0
[    10.800] (**) USB Keyboard: always reports core events
[    10.800] (**) Option "Device" "/dev/input/event4"
[    10.800] (**) Option "_source" "server/udev"
[    10.801] (II) event4  - USB Keyboard: is tagged by udev as: Keyboard
[    10.801] (II) event4  - USB Keyboard: device is a keyboard
[    10.801] (II) event4  - USB Keyboard: device removed
[    10.801] (**) Option "config_info" "udev:/sys/devices/pci0000:00/0000:00:14.0/usb1/1-6/1-6:1.0/0003:0C45:760A.0002/input/input4/event4"
[    10.801] (II) XINPUT: Adding extended input device "USB Keyboard" (type: KEYBOARD, id 10)
[    10.802] (II) event4  - USB Keyboard: is tagged by udev as: Keyboard
[    10.802] (II) event4  - USB Keyboard: device is a keyboard
[    10.802] (II) config/udev: Adding input device USB Keyboard Consumer Control (/dev/input/event5)
[    10.802] (**) USB Keyboard Consumer Control: Applying InputClass "libinput keyboard catchall"
[    10.802] (II) Using input driver 'libinput' for 'USB Keyboard Consumer Control'
[    10.803] (II) systemd-logind: got fd for /dev/input/event5 13:69 fd 24 paused 0
[    10.803] (**) USB Keyboard Consumer Control: always reports core events
[    10.803] (**) Option "Device" "/dev/input/event5"
[    10.803] (**) Option "_source" "server/udev"
[    10.804] (II) event5  - USB Keyboard Consumer Control: is tagged by udev as: Keyboard
[    10.804] (II) event5  - USB Keyboard Consumer Control: device is a keyboard
[    10.804] (II) event5  - USB Keyboard Consumer Control: device removed
[    10.804] (II) libinput: USB Keyboard Consumer Control: needs a virtual subdevice
[    10.804] (**) Option "config_info" "udev:/sys/devices/pci0000:00/0000:00:14.0/usb1/1-6/1-6:1.1/0003:0C45:760A.0003/input/input5/event5"
[    10.804] (II) XINPUT: Adding extended input device "USB Keyboard Consumer Control" (type: MOUSE, id 11)
[    10.804] (**) Option "AccelerationScheme" "none"
[    10.804] (**) USB Keyboard Consumer Control: (accel) selected scheme none/0
[    10.804] (**) USB Keyboard Consumer Control: (accel) acceleration factor: 2.000
[    10.804] (**) USB Keyboard Consumer Control: (accel) acceleration threshold: 4
[    10.805] (II) event5  - USB Keyboard Consumer Control: is tagged by udev as: Keyboard
[    10.805] (II) event5  - USB Keyboard Consumer Control: device is a keyboard
[    10.805] (II) config/udev: Adding input device USB Keyboard System Control (/dev/input/event6)
[    10.805] (**) USB Keyboard System Control: Applying InputClass "libinput keyboard catchall"
[    10.805] (II) Using input driver 'libinput' for 'USB Keyboard System Control'
[    10.805] (II) systemd-logind: got fd for /dev/input/event6 13:70 fd 25 paused 0
[    10.805] (**) USB Keyboard System Control: always reports core events
[    10.805] (**) Option "Device" "/dev/input/event6"
[    10.805] (**) Option "_source" "server/udev"
[    10.806] (II) event6  - USB Keyboard System Control: is tagged by udev as: Keyboard
[    10.806] (II) event6  - USB Keyboard System Control: device is a keyboard
[    10.806] (II) event6  - USB Keyboard System Control: device removed
[    10.806] (**) Option "config_info" "udev:/sys/devices/pci0000:00/0000:00:14.0/usb1/1-6/1-6:1.1/0003:0C45:760A.0003/input/input6/event6"
[    10.806] (II) XINPUT: Adding extended input device "USB Keyboard System Control" (type: KEYBOARD, id 12)
[    10.807] (II) event6  - USB Keyboard System Control: is tagged by udev as: Keyboard
[    10.807] (II) event6  - USB Keyboard System Control: device is a keyboard
[    10.808] (II) config/udev: Adding input device USB Keyboard Keyboard (/dev/input/event7)
[    10.808] (**) USB Keyboard Keyboard: Applying InputClass "libinput keyboard catchall"
[    10.808] (II) Using input driver 'libinput' for 'USB Keyboard Keyboard'
[    10.808] (II) systemd-logind: got fd for /dev/input/event7 13:71 fd 26 paused 0
[    10.808] (**) USB Keyboard Keyboard: always reports core events
[    10.808] (**) Option "Device" "/dev/input/event7"
[    10.808] (**) Option "_source" "server/udev"
[    10.809] (II) event7  - USB Keyboard Keyboard: is tagged by udev as: Keyboard
[    10.809] (II) event7  - USB Keyboard Keyboard: device is a keyboard
[    10.809] (II) event7  - USB Keyboard Keyboard: device removed
[    10.809] (**) Option "config_info" "udev:/sys/devices/pci0000:00/0000:00:14.0/usb1/1-6/1-6:1.1/0003:0C45:760A.0003/input/input7/event7"
[    10.809] (II) XINPUT: Adding extended input device "USB Keyboard Keyboard" (type: KEYBOARD, id 13)
[    10.810] (II) event7  - USB Keyboard Keyboard: is tagged by udev as: Keyboard
[    10.810] (II) event7  - USB Keyboard Keyboard: device is a keyboard
[    10.810] (II) config/udev: Adding input device HDA Intel PCH Mic (/dev/input/event10)
[    10.810] (II) No input driver specified, ignoring this device.
[    10.810] (II) This device may have been added with another device file.
[    10.810] (II) config/udev: Adding input device HDA Intel PCH Line (/dev/input/event11)
[    10.810] (II) No input driver specified, ignoring this device.
[    10.810] (II) This device may have been added with another device file.
[    10.811] (II) config/udev: Adding input device HDA Intel PCH Line Out Front (/dev/input/event12)
[    10.811] (II) No input driver specified, ignoring this device.
[    10.811] (II) This device may have been added with another device file.
[    10.811] (II) config/udev: Adding input device HDA Intel PCH Line Out Surround (/dev/input/event13)
[    10.811] (II) No input driver specified, ignoring this device.
[    10.811] (II) This device may have been added with another device file.
[    10.811] (II) config/udev: Adding input device HDA Intel PCH Front Headphone (/dev/input/event14)
[    10.811] (II) No input driver specified, ignoring this device.
[    10.811] (II) This device may have been added with another device file.
[    10.811] (II) config/udev: Adding input device Eee PC WMI hotkeys (/dev/input/event9)
[    10.811] (**) Eee PC WMI hotkeys: Applying InputClass "libinput keyboard catchall"
[    10.811] (II) Using input driver 'libinput' for 'Eee PC WMI hotkeys'
[    10.812] (II) systemd-logind: got fd for /dev/input/event9 13:73 fd 27 paused 0
[    10.812] (**) Eee PC WMI hotkeys: always reports core events
[    10.812] (**) Option "Device" "/dev/input/event9"
[    10.812] (**) Option "_source" "server/udev"
[    10.812] (II) event9  - Eee PC WMI hotkeys: is tagged by udev as: Keyboard
[    10.812] (II) event9  - Eee PC WMI hotkeys: device is a keyboard
[    10.812] (II) event9  - Eee PC WMI hotkeys: device removed
[    10.812] (**) Option "config_info" "udev:/sys/devices/platform/eeepc-wmi/input/input9/event9"
[    10.812] (II) XINPUT: Adding extended input device "Eee PC WMI hotkeys" (type: KEYBOARD, id 14)
[    10.813] (II) event9  - Eee PC WMI hotkeys: is tagged by udev as: Keyboard
[    10.813] (II) event9  - Eee PC WMI hotkeys: device is a keyboard
[    10.813] (II) config/udev: Adding input device PC Speaker (/dev/input/event8)
[    10.813] (II) No input driver specified, ignoring this device.
[    10.813] (II) This device may have been added with another device file.
[    10.815] (**) USB Keyboard Consumer Control: Applying InputClass "libinput keyboard catchall"
[    10.815] (II) Using input driver 'libinput' for 'USB Keyboard Consumer Control'
[    10.815] (II) systemd-logind: returning pre-existing fd for /dev/input/event5 13:69
[    10.815] (**) USB Keyboard Consumer Control: always reports core events
[    10.815] (**) Option "Device" "/dev/input/event5"
[    10.815] (**) Option "_source" "_driver/libinput"
[    10.815] (II) libinput: USB Keyboard Consumer Control: is a virtual subdevice
[    10.815] (**) Option "config_info" "udev:/sys/devices/pci0000:00/0000:00:14.0/usb1/1-6/1-6:1.1/0003:0C45:760A.0003/input/input5/event5"
[    10.815] (II) XINPUT: Adding extended input device "USB Keyboard Consumer Control" (type: KEYBOARD, id 15)
[    11.031] (II) modeset(0): EDID vendor "GSM", prod id 23224
[    11.031] (II) modeset(0): Using EDID range info for horizontal sync
[    11.031] (II) modeset(0): Using EDID range info for vertical refresh
[    11.031] (II) modeset(0): Printing DDC gathered Modelines:
[    11.031] (II) modeset(0): Modeline "1920x1080"x0.0  148.50  1920 2008 2052 2200  1080 1084 1089 1125 +hsync +vsync (67.5 kHz eP)
[    11.031] (II) modeset(0): Modeline "1920x1080i"x0.0   74.25  1920 2008 2052 2200  1080 1084 1094 1125 interlace +hsync +vsync (33.8 kHz e)
[    11.031] (II) modeset(0): Modeline "1280x720"x0.0   74.25  1280 1390 1430 1650  720 725 730 750 +hsync +vsync (45.0 kHz e)
[    11.031] (II) modeset(0): Modeline "720x480"x0.0   27.00  720 736 798 858  480 489 495 525 -hsync -vsync (31.5 kHz e)
[    11.031] (II) modeset(0): Modeline "640x480"x0.0   25.18  640 656 752 800  480 490 492 525 -hsync -vsync (31.5 kHz e)
[    11.031] (II) modeset(0): Modeline "1920x1080i"x0.0   74.25  1920 2448 2492 2640  1080 1084 1094 1125 interlace +hsync +vsync (28.1 kHz e)
[    11.031] (II) modeset(0): Modeline "720x576"x0.0   27.00  720 732 796 864  576 581 586 625 -hsync -vsync (31.2 kHz e)
[    11.031] (II) modeset(0): Modeline "1920x1080"x0.0  148.50  1920 2448 2492 2640  1080 1084 1089 1125 +hsync +vsync (56.2 kHz e)
[    11.031] (II) modeset(0): Modeline "1280x720"x0.0   74.25  1280 1720 1760 1980  720 725 730 750 +hsync +vsync (37.5 kHz e)
[    11.031] (II) modeset(0): Modeline "800x600"x0.0   40.00  800 840 968 1056  600 601 605 628 +hsync +vsync (37.9 kHz e)
[    11.031] (II) modeset(0): Modeline "640x480"x0.0   31.50  640 656 720 840  480 481 484 500 -hsync -vsync (37.5 kHz e)
[    11.031] (II) modeset(0): Modeline "720x400"x0.0   28.32  720 738 846 900  400 412 414 449 -hsync +vsync (31.5 kHz e)
[    11.031] (II) modeset(0): Modeline "1280x1024"x0.0  135.00  1280 1296 1440 1688  1024 1025 1028 1066 +hsync +vsync (80.0 kHz e)
[    11.031] (II) modeset(0): Modeline "1024x768"x0.0   78.75  1024 1040 1136 1312  768 769 772 800 +hsync +vsync (60.0 kHz e)
[    11.031] (II) modeset(0): Modeline "1024x768"x0.0   65.00  1024 1048 1184 1344  768 771 777 806 -hsync -vsync (48.4 kHz e)
[    11.031] (II) modeset(0): Modeline "800x600"x0.0   49.50  800 816 896 1056  600 601 604 625 +hsync +vsync (46.9 kHz e)
[    11.031] (II) modeset(0): Modeline "1152x864"x0.0  108.00  1152 1216 1344 1600  864 865 868 900 +hsync +vsync (67.5 kHz e)
[    11.031] (II) modeset(0): Modeline "1280x1024"x0.0  108.00  1280 1328 1440 1688  1024 1025 1028 1066 +hsync +vsync (64.0 kHz e)
[    11.031] (II) modeset(0): Modeline "1440x900"x0.0   88.75  1440 1488 1520 1600  900 903 909 926 +hsync -vsync (55.5 kHz e)
[    11.031] (II) modeset(0): Modeline "1680x1050"x0.0  119.00  1680 1728 1760 1840  1050 1053 1059 1080 +hsync -vsync (64.7 kHz e)
[    11.031] (II) modeset(0): Modeline "1600x900"x60.0  119.00  1600 1696 1864 2128  900 901 904 932 -hsync +vsync (55.9 kHz e)
[    11.031] (II) modeset(0): Modeline "1280x800"x0.0   71.00  1280 1328 1360 1440  800 803 809 823 +hsync -vsync (49.3 kHz e)
[    11.031] (II) modeset(0): Modeline "1400x1050"x0.0  101.00  1400 1448 1480 1560  1050 1053 1057 1080 +hsync -vsync (64.7 kHz e)
[    11.037] (II) modeset(0): Disabling kernel dirty updates, not required.
[    14.109] (II) modeset(0): EDID vendor "GSM", prod id 23224
[    14.109] (II) modeset(0): Using hsync ranges from config file
[    14.109] (II) modeset(0): Using vrefresh ranges from config file
[    14.109] (II) modeset(0): Printing DDC gathered Modelines:
[    14.109] (II) modeset(0): Modeline "1920x1080"x0.0  148.50  1920 2008 2052 2200  1080 1084 1089 1125 +hsync +vsync (67.5 kHz eP)
[    14.109] (II) modeset(0): Modeline "1920x1080i"x0.0   74.25  1920 2008 2052 2200  1080 1084 1094 1125 interlace +hsync +vsync (33.8 kHz e)
[    14.109] (II) modeset(0): Modeline "1280x720"x0.0   74.25  1280 1390 1430 1650  720 725 730 750 +hsync +vsync (45.0 kHz e)
[    14.109] (II) modeset(0): Modeline "720x480"x0.0   27.00  720 736 798 858  480 489 495 525 -hsync -vsync (31.5 kHz e)
[    14.109] (II) modeset(0): Modeline "640x480"x0.0   25.18  640 656 752 800  480 490 492 525 -hsync -vsync (31.5 kHz e)
[    14.109] (II) modeset(0): Modeline "1920x1080i"x0.0   74.25  1920 2448 2492 2640  1080 1084 1094 1125 interlace +hsync +vsync (28.1 kHz e)
[    14.109] (II) modeset(0): Modeline "720x576"x0.0   27.00  720 732 796 864  576 581 586 625 -hsync -vsync (31.2 kHz e)
[    14.109] (II) modeset(0): Modeline "1920x1080"x0.0  148.50  1920 2448 2492 2640  1080 1084 1089 1125 +hsync +vsync (56.2 kHz e)
[    14.109] (II) modeset(0): Modeline "1280x720"x0.0   74.25  1280 1720 1760 1980  720 725 730 750 +hsync +vsync (37.5 kHz e)
[    14.109] (II) modeset(0): Modeline "800x600"x0.0   40.00  800 840 968 1056  600 601 605 628 +hsync +vsync (37.9 kHz e)
[    14.109] (II) modeset(0): Modeline "640x480"x0.0   31.50  640 656 720 840  480 481 484 500 -hsync -vsync (37.5 kHz e)
[    14.109] (II) modeset(0): Modeline "720x400"x0.0   28.32  720 738 846 900  400 412 414 449 -hsync +vsync (31.5 kHz e)
[    14.109] (II) modeset(0): Modeline "1280x1024"x0.0  135.00  1280 1296 1440 1688  1024 1025 1028 1066 +hsync +vsync (80.0 kHz e)
[    14.109] (II) modeset(0): Modeline "1024x768"x0.0   78.75  1024 1040 1136 1312  768 769 772 800 +hsync +vsync (60.0 kHz e)
[    14.109] (II) modeset(0): Modeline "1024x768"x0.0   65.00  1024 1048 1184 1344  768 771 777 806 -hsync -vsync (48.4 kHz e)
[    14.109] (II) modeset(0): Modeline "800x600"x0.0   49.50  800 816 896 1056  600 601 604 625 +hsync +vsync (46.9 kHz e)
[    14.109] (II) modeset(0): Modeline "1152x864"x0.0  108.00  1152 1216 1344 1600  864 865 868 900 +hsync +vsync (67.5 kHz e)
[    14.109] (II) modeset(0): Modeline "1280x1024"x0.0  108.00  1280 1328 1440 1688  1024 1025 1028 1066 +hsync +vsync (64.0 kHz e)
[    14.109] (II) modeset(0): Modeline "1440x900"x0.0   88.75  1440 1488 1520 1600  900 903 909 926 +hsync -vsync (55.5 kHz e)
[    14.109] (II) modeset(0): Modeline "1680x1050"x0.0  119.00  1680 1728 1760 1840  1050 1053 1059 1080 +hsync -vsync (64.7 kHz e)
[    14.109] (II) modeset(0): Modeline "1600x900"x60.0  119.00  1600 1696 1864 2128  900 901 904 932 -hsync +vsync (55.9 kHz e)
[    14.109] (II) modeset(0): Modeline "1280x800"x0.0   71.00  1280 1328 1360 1440  800 803 809 823 +hsync -vsync (49.3 kHz e)
[    14.109] (II) modeset(0): Modeline "1400x1050"x0.0  101.00  1400 1448 1480 1560  1050 1053 1057 1080 +hsync -vsync (64.7 kHz e)
